[17:34:56:243]62:[DBG]:++ Engine Log Start ++
[17:35:14:598]18336:[DBG]:CMD:[0x01]->[0x20]
[17:35:16:269]19838:[DBG]:CMD:[0x01]->[0x00]
[17:53:42:911]1127674:[DBG]:CMD:[0x01]->[0x02]
[17:54:10:998]1155782:[DBG]:CMD:[0x01]->[0x08]
[17:54:21:262]1166178:[DBG]:CMD:[0x01]->[0x00]
[17:57:46:472]62:[DBG]:++ Engine Log Start ++
[17:58:04:859]18426:[DBG]:CMD:[0x01]->[0x20]
[17:58:06:516]19644:[DBG]:CMD:[0x01]->[0x00]
[17:58:12:310]25928:[DBG]:CMD:[0x52]->[0x00]
[17:58:12:310]25928:[DBG]:   :[0x01]->[0x00]
[17:58:12:310]25928:[DBG]:   :[0x01]->[0x00]
[17:58:12:310]25928:[DBG]:   :[0x5B]->[0x00]
[17:58:12:325]25928:[DBG]:   :[0x00]->[0x00]
[17:58:12:325]25928:[DBG]:   :[0x00]->[0x00]
[17:58:12:341]25928:[DBG]:   :[0x05]->[0x00]
[17:58:14:340]27840:[DBG]:CMD:[0x65]->[0x00]
[17:58:14:340]27840:[DBG]:   :[0x01]->[0x00]
[17:58:14:950]27874:[DBG]:CMD:[0x30]->[0x01]
[17:58:14:950]27874:[DBG]:CMD:[0x31]->[0x00]
[17:58:14:950]27876:[DBG]:CMD:[0x32]->[0x00]
[17:58:14:950]27878:[DBG]:CMD:[0x33]->[0x00]
[17:58:16:231]29098:[DBG]:CMD:[0x82]->[0x00]
[17:58:16:871]29160:[DBG]:CMD:[0x32]->[0x01]
[17:58:16:965]29222:[DBG]:CMD:[0x65]->[0x00]
[17:58:16:965]29222:[DBG]:   :[0x02]->[0x00]
[17:58:17:308]29538:[DBG]:CMD:[0x33]->[0x10]
[17:58:18:871]32110:[DBG]:CMD:[0x01]->[0x04]
[17:58:18:871]32112:[DBG]:CMD:[0xD8]->[0x04]
[17:58:18:871]32112:[DBG]:   :[0x01]->[0x02]
[17:58:18:886]32114:[DBG]:CMD:[0x0D]->[0x20]
[17:58:19:324]32912:[DBG]:CMD:[0x70]->[0x00]
[17:58:19:339]32930:[DBG]:CMD:[0x01]->[0x00]
[17:58:20:183]33754:[DBG]:CMD:[0x01]->[0x04]
[17:58:20:183]33760:[DBG]:CMD:[0x0D]->[0x10]
[17:58:20:823]33998:[DBG]:CMD:[0x01]->[0x00]
[17:58:24:619]37000:[DBG]:CMD:[0x31]->[0x01]
[17:58:25:869]37874:[DBG]:CMD:[0x01]->[0x02]
[17:58:25:931]37892:[DBG]:CMD:[0x32]->[0x11]
[17:58:25:931]37892:[DBG]:CMD:[0x33]->[0x11]
[17:58:33:008]43990:[DBG]:CMD:[0x31]->[0x11]
[17:58:33:930]45154:[DBG]:CMD:[0x30]->[0x02]
